0 info it worked if it ends with ok
1 verbose cli [ 'node', '/usr/local/bin/npm', 'view', 'json-vm' ]
2 info using npm@2.7.5
3 info using node@v0.12.2
4 verbose node symlink /usr/local/bin/node
5 verbose config Skipping project config: /Users/davie/.npmrc. (matches userconfig)
6 silly mapToRegistry name json-vm
7 silly mapToRegistry using default registry
8 silly mapToRegistry registry https://registry.npmjs.org/
9 silly mapToRegistry uri https://registry.npmjs.org/json-vm
10 verbose request uri https://registry.npmjs.org/json-vm
11 verbose request no auth needed
12 info attempt registry request try #1 at 20:08:23
13 verbose request id 08fa3989a1ee1d6b
14 http request GET https://registry.npmjs.org/json-vm
15 http 404 https://registry.npmjs.org/json-vm
16 verbose headers { server: 'CouchDB/1.5.0 (Erlang OTP/R16B03)',
16 verbose headers   'content-type': 'application/json',
16 verbose headers   'cache-control': 'max-age=0',
16 verbose headers   'content-length': '51',
16 verbose headers   'accept-ranges': 'bytes',
16 verbose headers   date: 'Sat, 09 May 2015 19:08:24 GMT',
16 verbose headers   via: '1.1 varnish',
16 verbose headers   age: '0',
16 verbose headers   connection: 'keep-alive',
16 verbose headers   'x-served-by': 'cache-ams4120-AMS',
16 verbose headers   'x-cache': 'MISS',
16 verbose headers   'x-cache-hits': '0',
16 verbose headers   'x-timer': 'S1431198504.039163,VS0,VE387' }
17 silly get cb [ 404,
17 silly get   { server: 'CouchDB/1.5.0 (Erlang OTP/R16B03)',
17 silly get     'content-type': 'application/json',
17 silly get     'cache-control': 'max-age=0',
17 silly get     'content-length': '51',
17 silly get     'accept-ranges': 'bytes',
17 silly get     date: 'Sat, 09 May 2015 19:08:24 GMT',
17 silly get     via: '1.1 varnish',
17 silly get     age: '0',
17 silly get     connection: 'keep-alive',
17 silly get     'x-served-by': 'cache-ams4120-AMS',
17 silly get     'x-cache': 'MISS',
17 silly get     'x-cache-hits': '0',
17 silly get     'x-timer': 'S1431198504.039163,VS0,VE387' } ]
18 verbose stack Error: 404 Not Found: json-vm
18 verbose stack     at CachingRegistryClient.<anonymous> (/usr/local/lib/node_modules/npm/node_modules/npm-registry-client/lib/request.js:245:14)
18 verbose stack     at Request._callback (/usr/local/lib/node_modules/npm/node_modules/npm-registry-client/lib/request.js:170:14)
18 verbose stack     at Request.self.callback (/usr/local/lib/node_modules/npm/node_modules/request/request.js:360:22)
18 verbose stack     at Request.emit (events.js:110:17)
18 verbose stack     at Request.<anonymous> (/usr/local/lib/node_modules/npm/node_modules/request/request.js:1202:14)
18 verbose stack     at Request.emit (events.js:129:20)
18 verbose stack     at IncomingMessage.<anonymous> (/usr/local/lib/node_modules/npm/node_modules/request/request.js:1150:12)
18 verbose stack     at IncomingMessage.emit (events.js:129:20)
18 verbose stack     at _stream_readable.js:908:16
18 verbose stack     at process._tickCallback (node.js:355:11)
19 verbose statusCode 404
20 verbose pkgid json-vm
21 verbose cwd /Users/davie/stuff/jsonvm
22 error Darwin 14.0.0
23 error argv "node" "/usr/local/bin/npm" "view" "json-vm"
24 error node v0.12.2
25 error npm  v2.7.5
26 error code E404
27 error 404 Not Found: json-vm
27 error 404
27 error 404 'json-vm' is not in the npm registry.
27 error 404 You should bug the author to publish it (or use the name yourself!)
27 error 404
27 error 404 Note that you can also install from a
27 error 404 tarball, folder, http url, or git url.
28 verbose exit [ 1, true ]
